c:\users\jhe\documents\github\gse_2_-_2015180038\simplegame\simplegame\x64\debug\simplegame.pch
c:\users\jhe\documents\github\gse_2_-_2015180038\simplegame\simplegame\x64\debug\vc141.pdb
c:\users\jhe\documents\github\gse_2_-_2015180038\simplegame\simplegame\x64\debug\vc141.idb
c:\users\jhe\documents\github\gse_2_-_2015180038\simplegame\simplegame\x64\debug\stdafx.obj
c:\users\jhe\documents\github\gse_2_-_2015180038\simplegame\simplegame\x64\debug\object.obj
c:\users\jhe\documents\github\gse_2_-_2015180038\simplegame\simplegame\x64\debug\renderer.obj
c:\users\jhe\documents\github\gse_2_-_2015180038\simplegame\simplegame\x64\debug\simplegame.obj
c:\users\jhe\documents\github\gse_2_-_2015180038\simplegame\simplegame\x64\debug\building.obj
c:\users\jhe\documents\github\gse_2_-_2015180038\simplegame\simplegame\x64\debug\character.obj
c:\users\jhe\documents\github\gse_2_-_2015180038\simplegame\simplegame\x64\debug\scenemgr.obj
c:\users\jhe\documents\github\gse_2_-_2015180038\simplegame\simplegame\x64\debug\arrow.obj
c:\users\jhe\documents\github\gse_2_-_2015180038\simplegame\simplegame\x64\debug\bullet.obj
c:\users\jhe\documents\github\gse_2_-_2015180038\simplegame\x64\debug\simplegame.exe
c:\users\jhe\documents\github\gse_2_-_2015180038\simplegame\x64\debug\simplegame.ilk
c:\users\jhe\documents\github\gse_2_-_2015180038\simplegame\x64\debug\simplegame.pdb
c:\users\jhe\documents\github\gse_2_-_2015180038\simplegame\simplegame\x64\debug\simplegame.res
c:\users\jhe\documents\github\gse_2_-_2015180038\simplegame\simplegame\x64\debug\simplegame.tlog\cl.command.1.tlog
c:\users\jhe\documents\github\gse_2_-_2015180038\simplegame\simplegame\x64\debug\simplegame.tlog\cl.read.1.tlog
c:\users\jhe\documents\github\gse_2_-_2015180038\simplegame\simplegame\x64\debug\simplegame.tlog\cl.write.1.tlog
c:\users\jhe\documents\github\gse_2_-_2015180038\simplegame\simplegame\x64\debug\simplegame.tlog\link.command.1.tlog
c:\users\jhe\documents\github\gse_2_-_2015180038\simplegame\simplegame\x64\debug\simplegame.tlog\link.read.1.tlog
c:\users\jhe\documents\github\gse_2_-_2015180038\simplegame\simplegame\x64\debug\simplegame.tlog\link.write.1.tlog
c:\users\jhe\documents\github\gse_2_-_2015180038\simplegame\simplegame\x64\debug\simplegame.tlog\rc.command.1.tlog
c:\users\jhe\documents\github\gse_2_-_2015180038\simplegame\simplegame\x64\debug\simplegame.tlog\rc.read.1.tlog
c:\users\jhe\documents\github\gse_2_-_2015180038\simplegame\simplegame\x64\debug\simplegame.tlog\rc.write.1.tlog
